<?xml version="1.0" encoding="UTF-8"?>
<!-- Generated by org.testng.reporters.JUnitReportReporter -->
<testsuite hostname="DESKTOP-HP367K6" failures="0" tests="1" name="com.smoke.SmokeTestExection" time="3.215" errors="0" timestamp="2021-07-25T12:28:00 EDT" skipped="0">
  <testcase classname="com.smoke.SmokeTestExection" name="loginTest" time="3.215"/>
  <system-out/>
</testsuite> <!-- com.smoke.SmokeTestExection -->
