<?xml version="1.0" encoding="UTF-8"?>
<!-- Generated by org.testng.reporters.JUnitReportReporter -->
<testsuite hostname="DESKTOP-HP367K6" failures="0" tests="1" name="com.runner.runner" time="0.006" errors="0" timestamp="2021-07-25T14:33:58 EDT" skipped="0">
  <testcase classname="com.runner.runner" name="test" time="0.006"/>
  <system-out/>
</testsuite> <!-- com.runner.runner -->
